\BOOKMARK [1][-]{section.1}{Introduction}{}% 1
\BOOKMARK [2][-]{subsection.1.1}{Background}{section.1}% 2
\BOOKMARK [2][-]{subsection.1.2}{The Model}{section.1}% 3
\BOOKMARK [2][-]{subsection.1.3}{Variational Inference}{section.1}% 4
\BOOKMARK [3][-]{subsubsection.1.3.1}{Computing the ELBO}{subsection.1.3}% 5
\BOOKMARK [3][-]{subsubsection.1.3.2}{Mean Field Approximation}{subsection.1.3}% 6
\BOOKMARK [3][-]{subsubsection.1.3.3}{Updates}{subsection.1.3}% 7
\BOOKMARK [3][-]{subsubsection.1.3.4}{Coordinate Ascent}{subsection.1.3}% 8
\BOOKMARK [1][-]{section.2}{Model Definition}{}% 9
\BOOKMARK [2][-]{subsection.2.1}{Adaptor grammars}{section.2}% 10
\BOOKMARK [3][-]{subsubsection.2.1.1}{Context-free Grammars}{subsection.2.1}% 11
\BOOKMARK [3][-]{subsubsection.2.1.2}{Probabilistic Context-free Grammars}{subsection.2.1}% 12
\BOOKMARK [3][-]{subsubsection.2.1.3}{Pitman-Yor Process}{subsection.2.1}% 13
\BOOKMARK [3][-]{subsubsection.2.1.4}{Adaptor grammar definition}{subsection.2.1}% 14
\BOOKMARK [2][-]{subsection.2.2}{Dirichlet process hidden Markov model}{section.2}% 15
\BOOKMARK [3][-]{subsubsection.2.2.1}{Hidden Markov Models}{subsection.2.2}% 16
\BOOKMARK [3][-]{subsubsection.2.2.2}{Gaussian Mixture Models}{subsection.2.2}% 17
\BOOKMARK [3][-]{subsubsection.2.2.3}{The DPHMM generative model}{subsection.2.2}% 18
\BOOKMARK [2][-]{subsection.2.3}{Noisy Channel}{section.2}% 19
\BOOKMARK [1][-]{section.3}{Updates}{}% 20
\BOOKMARK [2][-]{subsection.3.1}{Adaptor grammar updates}{section.3}% 21
\BOOKMARK [2][-]{subsection.3.2}{Noisy channel updates}{section.3}% 22
\BOOKMARK [1][-]{section.4}{Summary of previous results}{}% 23
\BOOKMARK [2][-]{subsection.4.1}{Phone segmentation results}{section.4}% 24
\BOOKMARK [2][-]{subsection.4.2}{Word segmentation}{section.4}% 25
\BOOKMARK [1][-]{appendix.A}{Deriving the ELBO}{}% 26
\BOOKMARK [2][-]{subsection.A.1}{The problem}{appendix.A}% 27
\BOOKMARK [2][-]{subsection.A.2}{Important formulae}{appendix.A}% 28
\BOOKMARK [3][-]{subsubsection.A.2.1}{Jensen's inequality}{subsection.A.2}% 29
\BOOKMARK [3][-]{subsubsection.A.2.2}{Expected value}{subsection.A.2}% 30
\BOOKMARK [3][-]{subsubsection.A.2.3}{Logarithms}{subsection.A.2}% 31
\BOOKMARK [2][-]{subsection.A.3}{Derivation of variational bound}{appendix.A}% 32
\BOOKMARK [1][-]{appendix.B}{Deriving Variational Updates}{}% 33
\BOOKMARK [2][-]{subsection.B.1}{Mean Field Approximation }{appendix.B}% 34
\BOOKMARK [2][-]{subsection.B.2}{Conjugacy}{appendix.B}% 35
\BOOKMARK [2][-]{subsection.B.3}{Alternative Form}{appendix.B}% 36
\BOOKMARK [1][-]{appendix.C}{Derivation of Updates}{}% 37
